<?xml version="1.0" encoding="UTF-8"?>
<!-- Generated by org.testng.reporters.JUnitReportReporter -->
<testsuite hostname="DESKTOP-I85STP7" failures="0" tests="6" name="com.api.auto.testcase.TC_API_Login" time="0.441" errors="0" timestamp="2023-04-28T23:54:05 ICT" skipped="0">
  <testcase classname="com.api.auto.testcase.TC_API_Login" name="TC01_Validate200Ok" time="0.006"/>
  <system-out/>
  <testcase classname="com.api.auto.testcase.TC_API_Login" name="TC02_ValidateID" time="0.001"/>
  <system-out/>
  <testcase classname="com.api.auto.testcase.TC_API_Login" name="TC03_ValidateMessage" time="0.384"/>
  <system-out/>
  <testcase classname="com.api.auto.testcase.TC_API_Login" name="TC04_ValidateToken" time="0.023"/>
  <system-out/>
  <testcase classname="com.api.auto.testcase.TC_API_Login" name="TC05_ValidateUserType" time="0.009"/>
  <system-out/>
  <testcase classname="com.api.auto.testcase.TC_API_Login" name="TC06_ValidateAccount" time="0.018"/>
  <system-out/>
</testsuite> <!-- com.api.auto.testcase.TC_API_Login -->
