<?xml version="1.0" encoding="UTF-8"?>
<!-- Generated by org.testng.reporters.JUnitReportReporter -->
<testsuite hostname="DESKTOP-I85STP7" failures="0" tests="6" name="com.api.auto.testcase.TC_API_Login_nangcao" time="0.053" errors="0" timestamp="2023-04-22T15:14:58 ICT" skipped="0">
  <testcase classname="com.api.auto.testcase.TC_API_Login_nangcao" name="TC01_Validate200Ok" time="0.006"/>
  <system-out/>
  <testcase classname="com.api.auto.testcase.TC_API_Login_nangcao" name="TC02_ValidateID" time="0.001"/>
  <system-out/>
  <testcase classname="com.api.auto.testcase.TC_API_Login_nangcao" name="TC03_ValidateMessage" time="0.013"/>
  <system-out/>
  <testcase classname="com.api.auto.testcase.TC_API_Login_nangcao" name="TC04_ValidateToken" time="0.001"/>
  <system-out/>
  <testcase classname="com.api.auto.testcase.TC_API_Login_nangcao" name="TC05_ValidateUserType" time="0.011"/>
  <system-out/>
  <testcase classname="com.api.auto.testcase.TC_API_Login_nangcao" name="TC06_ValidateAccount" time="0.021"/>
  <system-out/>
</testsuite> <!-- com.api.auto.testcase.TC_API_Login_nangcao -->
